<?xml version="1.0" encoding="UTF-8"?>
<!-- Generated by org.testng.reporters.JUnitReportReporter -->
<testsuite hostname="zubin-PC" name="springmvc.model.dao.TermDaoTest" tests="1" failures="0" timestamp="2 Feb 2016 04:58:41 GMT" time="0.306" errors="0">
  <testcase name="getTerm" time="0.306" classname="springmvc.model.dao.TermDaoTest"/>
</testsuite> <!-- springmvc.model.dao.TermDaoTest -->
