<?xml version="1.0" encoding="UTF-8"?>
<!-- Generated by org.testng.reporters.JUnitReportReporter -->
<testsuite hostname="zubin-PC" name="springmvc.model.dao.DepartmentDaoTest" tests="1" failures="0" timestamp="2 Feb 2016 04:58:29 GMT" time="0.310" errors="0">
  <testcase name="getDepartment" time="0.310" classname="springmvc.model.dao.DepartmentDaoTest"/>
</testsuite> <!-- springmvc.model.dao.DepartmentDaoTest -->
