<?xml version="1.0" encoding="UTF-8"?>
<!-- Generated by org.testng.reporters.JUnitReportReporter -->
<testsuite hostname="zubin-PC" name="springmvc.model.dao.DepartmentDaoTest" tests="1" failures="0" timestamp="8 Mar 2016 06:45:23 GMT" time="0.008" errors="0">
  <testcase name="getDepartment" time="0.008" classname="springmvc.model.dao.DepartmentDaoTest"/>
</testsuite> <!-- springmvc.model.dao.DepartmentDaoTest -->
